ERROR - 2021-08-20 11:26:51 --> Unknown column 'usuarios_dashboard.deleted_at' in 'where clause'
CRITICAL - 2021-08-20 11:26:51 --> Call to a member function getResult() on bool
#0 /opt/lampp/htdocs/CI/system/BaseModel.php(603): CodeIgniter\Model->doFindAll()
#1 /opt/lampp/htdocs/CI/app/Controllers/Dashboarduserlist.php(20): CodeIgniter\BaseModel->findAll()
#2 /opt/lampp/htdocs/CI/system/CodeIgniter.php(928): App\Controllers\Dashboarduserlist->index()
#3 /opt/lampp/htdocs/CI/system/CodeIgniter.php(436): CodeIgniter\CodeIgniter->runController()
#4 /opt/lampp/htdocs/CI/system/CodeIgniter.php(336): CodeIgniter\CodeIgniter->handleRequest()
#5 /opt/lampp/htdocs/CI/public/index.php(37): CodeIgniter\CodeIgniter->run()
#6 /opt/lampp/htdocs/CI/system/Commands/Server/rewrite.php(45): require_once('/opt/lampp/htdo...')
#7 {main}
ERROR - 2021-08-20 11:26:56 --> Unknown column 'usuarios_dashboard.deleted_at' in 'where clause'
CRITICAL - 2021-08-20 11:26:56 --> Call to a member function getResult() on bool
#0 /opt/lampp/htdocs/CI/system/BaseModel.php(603): CodeIgniter\Model->doFindAll()
#1 /opt/lampp/htdocs/CI/app/Controllers/Dashboarduserlist.php(20): CodeIgniter\BaseModel->findAll()
#2 /opt/lampp/htdocs/CI/system/CodeIgniter.php(928): App\Controllers\Dashboarduserlist->index()
#3 /opt/lampp/htdocs/CI/system/CodeIgniter.php(436): CodeIgniter\CodeIgniter->runController()
#4 /opt/lampp/htdocs/CI/system/CodeIgniter.php(336): CodeIgniter\CodeIgniter->handleRequest()
#5 /opt/lampp/htdocs/CI/public/index.php(37): CodeIgniter\CodeIgniter->run()
#6 /opt/lampp/htdocs/CI/system/Commands/Server/rewrite.php(45): require_once('/opt/lampp/htdo...')
#7 {main}
ERROR - 2021-08-20 11:27:12 --> Unknown column 'usuarios_dashboard.deleted_at' in 'where clause'
CRITICAL - 2021-08-20 11:27:12 --> Call to a member function getResult() on bool
#0 /opt/lampp/htdocs/CI/system/BaseModel.php(603): CodeIgniter\Model->doFindAll()
#1 /opt/lampp/htdocs/CI/app/Controllers/Dashboarduserlist.php(20): CodeIgniter\BaseModel->findAll()
#2 /opt/lampp/htdocs/CI/system/CodeIgniter.php(928): App\Controllers\Dashboarduserlist->index()
#3 /opt/lampp/htdocs/CI/system/CodeIgniter.php(436): CodeIgniter\CodeIgniter->runController()
#4 /opt/lampp/htdocs/CI/system/CodeIgniter.php(336): CodeIgniter\CodeIgniter->handleRequest()
#5 /opt/lampp/htdocs/CI/public/index.php(37): CodeIgniter\CodeIgniter->run()
#6 /opt/lampp/htdocs/CI/system/Commands/Server/rewrite.php(45): require_once('/opt/lampp/htdo...')
#7 {main}
CRITICAL - 2021-08-20 12:41:10 --> Invalid file: userlist_messages.php
#0 /opt/lampp/htdocs/CI/system/View/View.php(213): CodeIgniter\Exceptions\FrameworkException::forInvalidFile()
#1 /opt/lampp/htdocs/CI/system/Common.php(1271): CodeIgniter\View\View->render()
#2 /opt/lampp/htdocs/CI/app/Controllers/Dashboarduserlist.php(28): view()
#3 /opt/lampp/htdocs/CI/system/CodeIgniter.php(928): App\Controllers\Dashboarduserlist->delete()
#4 /opt/lampp/htdocs/CI/system/CodeIgniter.php(436): CodeIgniter\CodeIgniter->runController()
#5 /opt/lampp/htdocs/CI/system/CodeIgniter.php(336): CodeIgniter\CodeIgniter->handleRequest()
#6 /opt/lampp/htdocs/CI/public/index.php(37): CodeIgniter\CodeIgniter->run()
#7 /opt/lampp/htdocs/CI/system/Commands/Server/rewrite.php(45): require_once('/opt/lampp/htdo...')
#8 {main}
CRITICAL - 2021-08-20 12:56:03 --> syntax error, unexpected '}', expecting ';'
#0 /opt/lampp/htdocs/CI/system/Router/Router.php(169): CodeIgniter\Router\Router->autoRoute()
#1 /opt/lampp/htdocs/CI/system/CodeIgniter.php(809): CodeIgniter\Router\Router->handle()
#2 /opt/lampp/htdocs/CI/system/CodeIgniter.php(389): CodeIgniter\CodeIgniter->tryToRouteIt()
#3 /opt/lampp/htdocs/CI/system/CodeIgniter.php(336): CodeIgniter\CodeIgniter->handleRequest()
#4 /opt/lampp/htdocs/CI/public/index.php(37): CodeIgniter\CodeIgniter->run()
#5 /opt/lampp/htdocs/CI/system/Commands/Server/rewrite.php(45): require_once('/opt/lampp/htdo...')
#6 {main}
CRITICAL - 2021-08-20 13:06:41 --> There is no data to insert.
#0 /opt/lampp/htdocs/CI/system/BaseModel.php(751): CodeIgniter\Database\Exceptions\DataException::forEmptyDataset()
#1 /opt/lampp/htdocs/CI/system/Model.php(686): CodeIgniter\BaseModel->insert()
#2 /opt/lampp/htdocs/CI/system/BaseModel.php(687): CodeIgniter\Model->insert()
#3 /opt/lampp/htdocs/CI/app/Controllers/Dashboarduserlist.php(42): CodeIgniter\BaseModel->save()
#4 /opt/lampp/htdocs/CI/system/CodeIgniter.php(928): App\Controllers\Dashboarduserlist->store()
#5 /opt/lampp/htdocs/CI/system/CodeIgniter.php(436): CodeIgniter\CodeIgniter->runController()
#6 /opt/lampp/htdocs/CI/system/CodeIgniter.php(336): CodeIgniter\CodeIgniter->handleRequest()
#7 /opt/lampp/htdocs/CI/public/index.php(37): CodeIgniter\CodeIgniter->run()
#8 /opt/lampp/htdocs/CI/system/Commands/Server/rewrite.php(45): require_once('/opt/lampp/htdo...')
#9 {main}
CRITICAL - 2021-08-20 13:08:01 --> There is no data to insert.
#0 /opt/lampp/htdocs/CI/system/BaseModel.php(751): CodeIgniter\Database\Exceptions\DataException::forEmptyDataset()
#1 /opt/lampp/htdocs/CI/system/Model.php(686): CodeIgniter\BaseModel->insert()
#2 /opt/lampp/htdocs/CI/system/BaseModel.php(687): CodeIgniter\Model->insert()
#3 /opt/lampp/htdocs/CI/app/Controllers/Dashboarduserlist.php(42): CodeIgniter\BaseModel->save()
#4 /opt/lampp/htdocs/CI/system/CodeIgniter.php(928): App\Controllers\Dashboarduserlist->store()
#5 /opt/lampp/htdocs/CI/system/CodeIgniter.php(436): CodeIgniter\CodeIgniter->runController()
#6 /opt/lampp/htdocs/CI/system/CodeIgniter.php(336): CodeIgniter\CodeIgniter->handleRequest()
#7 /opt/lampp/htdocs/CI/public/index.php(37): CodeIgniter\CodeIgniter->run()
#8 /opt/lampp/htdocs/CI/system/Commands/Server/rewrite.php(45): require_once('/opt/lampp/htdo...')
#9 {main}
CRITICAL - 2021-08-20 13:11:57 --> There is no data to insert.
#0 /opt/lampp/htdocs/CI/system/BaseModel.php(751): CodeIgniter\Database\Exceptions\DataException::forEmptyDataset()
#1 /opt/lampp/htdocs/CI/system/Model.php(686): CodeIgniter\BaseModel->insert()
#2 /opt/lampp/htdocs/CI/system/BaseModel.php(687): CodeIgniter\Model->insert()
#3 /opt/lampp/htdocs/CI/app/Controllers/Dashboarduserlist.php(42): CodeIgniter\BaseModel->save()
#4 /opt/lampp/htdocs/CI/system/CodeIgniter.php(928): App\Controllers\Dashboarduserlist->store()
#5 /opt/lampp/htdocs/CI/system/CodeIgniter.php(436): CodeIgniter\CodeIgniter->runController()
#6 /opt/lampp/htdocs/CI/system/CodeIgniter.php(336): CodeIgniter\CodeIgniter->handleRequest()
#7 /opt/lampp/htdocs/CI/public/index.php(37): CodeIgniter\CodeIgniter->run()
#8 /opt/lampp/htdocs/CI/system/Commands/Server/rewrite.php(45): require_once('/opt/lampp/htdo...')
#9 {main}
CRITICAL - 2021-08-20 13:13:31 --> There is no data to insert.
#0 /opt/lampp/htdocs/CI/system/BaseModel.php(751): CodeIgniter\Database\Exceptions\DataException::forEmptyDataset()
#1 /opt/lampp/htdocs/CI/system/Model.php(686): CodeIgniter\BaseModel->insert()
#2 /opt/lampp/htdocs/CI/system/BaseModel.php(687): CodeIgniter\Model->insert()
#3 /opt/lampp/htdocs/CI/app/Controllers/Dashboarduserlist.php(42): CodeIgniter\BaseModel->save()
#4 /opt/lampp/htdocs/CI/system/CodeIgniter.php(928): App\Controllers\Dashboarduserlist->store()
#5 /opt/lampp/htdocs/CI/system/CodeIgniter.php(436): CodeIgniter\CodeIgniter->runController()
#6 /opt/lampp/htdocs/CI/system/CodeIgniter.php(336): CodeIgniter\CodeIgniter->handleRequest()
#7 /opt/lampp/htdocs/CI/public/index.php(37): CodeIgniter\CodeIgniter->run()
#8 /opt/lampp/htdocs/CI/system/Commands/Server/rewrite.php(45): require_once('/opt/lampp/htdo...')
#9 {main}
CRITICAL - 2021-08-20 13:21:19 --> Argument 2 passed to view() must be of the type array, bool given, called in /opt/lampp/htdocs/CI/app/Controllers/Dashboard.php on line 10
#0 /opt/lampp/htdocs/CI/app/Controllers/Dashboard.php(10): view()
#1 /opt/lampp/htdocs/CI/system/CodeIgniter.php(928): App\Controllers\Dashboard->index()
#2 /opt/lampp/htdocs/CI/system/CodeIgniter.php(436): CodeIgniter\CodeIgniter->runController()
#3 /opt/lampp/htdocs/CI/system/CodeIgniter.php(336): CodeIgniter\CodeIgniter->handleRequest()
#4 /opt/lampp/htdocs/CI/public/index.php(37): CodeIgniter\CodeIgniter->run()
#5 /opt/lampp/htdocs/CI/system/Commands/Server/rewrite.php(45): require_once('/opt/lampp/htdo...')
#6 {main}
CRITICAL - 2021-08-20 13:24:14 --> Argument 2 passed to view() must be of the type array, string given, called in /opt/lampp/htdocs/CI/app/Controllers/Dashboard.php on line 11
#0 /opt/lampp/htdocs/CI/app/Controllers/Dashboard.php(11): view()
#1 /opt/lampp/htdocs/CI/system/CodeIgniter.php(928): App\Controllers\Dashboard->index()
#2 /opt/lampp/htdocs/CI/system/CodeIgniter.php(436): CodeIgniter\CodeIgniter->runController()
#3 /opt/lampp/htdocs/CI/system/CodeIgniter.php(336): CodeIgniter\CodeIgniter->handleRequest()
#4 /opt/lampp/htdocs/CI/public/index.php(37): CodeIgniter\CodeIgniter->run()
#5 /opt/lampp/htdocs/CI/system/Commands/Server/rewrite.php(45): require_once('/opt/lampp/htdo...')
#6 {main}
CRITICAL - 2021-08-20 13:28:35 --> Argument 2 passed to view() must be of the type array, string given, called in /opt/lampp/htdocs/CI/app/Controllers/Dashboard.php on line 11
#0 /opt/lampp/htdocs/CI/app/Controllers/Dashboard.php(11): view()
#1 /opt/lampp/htdocs/CI/system/CodeIgniter.php(928): App\Controllers\Dashboard->index()
#2 /opt/lampp/htdocs/CI/system/CodeIgniter.php(436): CodeIgniter\CodeIgniter->runController()
#3 /opt/lampp/htdocs/CI/system/CodeIgniter.php(336): CodeIgniter\CodeIgniter->handleRequest()
#4 /opt/lampp/htdocs/CI/public/index.php(37): CodeIgniter\CodeIgniter->run()
#5 /opt/lampp/htdocs/CI/system/Commands/Server/rewrite.php(45): require_once('/opt/lampp/htdo...')
#6 {main}
CRITICAL - 2021-08-20 15:27:33 --> Invalid file: Erro.php
#0 /opt/lampp/htdocs/CI/system/View/View.php(213): CodeIgniter\Exceptions\FrameworkException::forInvalidFile()
#1 /opt/lampp/htdocs/CI/system/Common.php(1271): CodeIgniter\View\View->render()
#2 /opt/lampp/htdocs/CI/app/Controllers/Dashboarduserlist.php(32): view()
#3 /opt/lampp/htdocs/CI/system/CodeIgniter.php(928): App\Controllers\Dashboarduserlist->delete()
#4 /opt/lampp/htdocs/CI/system/CodeIgniter.php(436): CodeIgniter\CodeIgniter->runController()
#5 /opt/lampp/htdocs/CI/system/CodeIgniter.php(336): CodeIgniter\CodeIgniter->handleRequest()
#6 /opt/lampp/htdocs/CI/public/index.php(37): CodeIgniter\CodeIgniter->run()
#7 /opt/lampp/htdocs/CI/system/Commands/Server/rewrite.php(45): require_once('/opt/lampp/htdo...')
#8 {main}
CRITICAL - 2021-08-20 15:27:43 --> Invalid file: Erro.php
#0 /opt/lampp/htdocs/CI/system/View/View.php(213): CodeIgniter\Exceptions\FrameworkException::forInvalidFile()
#1 /opt/lampp/htdocs/CI/system/Common.php(1271): CodeIgniter\View\View->render()
#2 /opt/lampp/htdocs/CI/app/Controllers/Dashboarduserlist.php(32): view()
#3 /opt/lampp/htdocs/CI/system/CodeIgniter.php(928): App\Controllers\Dashboarduserlist->delete()
#4 /opt/lampp/htdocs/CI/system/CodeIgniter.php(436): CodeIgniter\CodeIgniter->runController()
#5 /opt/lampp/htdocs/CI/system/CodeIgniter.php(336): CodeIgniter\CodeIgniter->handleRequest()
#6 /opt/lampp/htdocs/CI/public/index.php(37): CodeIgniter\CodeIgniter->run()
#7 /opt/lampp/htdocs/CI/system/Commands/Server/rewrite.php(45): require_once('/opt/lampp/htdo...')
#8 {main}
CRITICAL - 2021-08-20 15:28:04 --> Invalid file: Erro.php
#0 /opt/lampp/htdocs/CI/system/View/View.php(213): CodeIgniter\Exceptions\FrameworkException::forInvalidFile()
#1 /opt/lampp/htdocs/CI/system/Common.php(1271): CodeIgniter\View\View->render()
#2 /opt/lampp/htdocs/CI/app/Controllers/Dashboarduserlist.php(32): view()
#3 /opt/lampp/htdocs/CI/system/CodeIgniter.php(928): App\Controllers\Dashboarduserlist->delete()
#4 /opt/lampp/htdocs/CI/system/CodeIgniter.php(436): CodeIgniter\CodeIgniter->runController()
#5 /opt/lampp/htdocs/CI/system/CodeIgniter.php(336): CodeIgniter\CodeIgniter->handleRequest()
#6 /opt/lampp/htdocs/CI/public/index.php(37): CodeIgniter\CodeIgniter->run()
#7 /opt/lampp/htdocs/CI/system/Commands/Server/rewrite.php(45): require_once('/opt/lampp/htdo...')
#8 {main}
CRITICAL - 2021-08-20 16:19:33 --> Invalid file: Erro.php
#0 /opt/lampp/htdocs/CI/system/View/View.php(213): CodeIgniter\Exceptions\FrameworkException::forInvalidFile()
#1 /opt/lampp/htdocs/CI/system/Common.php(1271): CodeIgniter\View\View->render()
#2 /opt/lampp/htdocs/CI/app/Controllers/Dashboarduserlist.php(32): view()
#3 /opt/lampp/htdocs/CI/system/CodeIgniter.php(928): App\Controllers\Dashboarduserlist->delete()
#4 /opt/lampp/htdocs/CI/system/CodeIgniter.php(436): CodeIgniter\CodeIgniter->runController()
#5 /opt/lampp/htdocs/CI/system/CodeIgniter.php(336): CodeIgniter\CodeIgniter->handleRequest()
#6 /opt/lampp/htdocs/CI/public/index.php(37): CodeIgniter\CodeIgniter->run()
#7 /opt/lampp/htdocs/CI/system/Commands/Server/rewrite.php(45): require_once('/opt/lampp/htdo...')
#8 {main}
ERROR - 2021-08-20 16:44:11 --> Duplicate entry '0' for key 'usuarios_dashboard.PRIMARY'
ERROR - 2021-08-20 16:44:15 --> Duplicate entry '0' for key 'usuarios_dashboard.PRIMARY'
ERROR - 2021-08-20 16:44:30 --> Duplicate entry '0' for key 'usuarios_dashboard.PRIMARY'
ERROR - 2021-08-20 16:44:53 --> Duplicate entry '0' for key 'usuarios_dashboard.PRIMARY'
ERROR - 2021-08-20 16:45:04 --> Duplicate entry '0' for key 'usuarios_dashboard.PRIMARY'
ERROR - 2021-08-20 16:45:09 --> Duplicate entry '0' for key 'usuarios_dashboard.PRIMARY'
