CRITICAL - 2021-08-21 14:29:08 --> syntax error, unexpected '}', expecting ';'
#0 /opt/lampp/htdocs/CI/system/Router/Router.php(169): CodeIgniter\Router\Router->autoRoute()
#1 /opt/lampp/htdocs/CI/system/CodeIgniter.php(809): CodeIgniter\Router\Router->handle()
#2 /opt/lampp/htdocs/CI/system/CodeIgniter.php(389): CodeIgniter\CodeIgniter->tryToRouteIt()
#3 /opt/lampp/htdocs/CI/system/CodeIgniter.php(336): CodeIgniter\CodeIgniter->handleRequest()
#4 /opt/lampp/htdocs/CI/public/index.php(37): CodeIgniter\CodeIgniter->run()
#5 /opt/lampp/htdocs/CI/system/Commands/Server/rewrite.php(45): require_once('/opt/lampp/htdo...')
#6 {main}
CRITICAL - 2021-08-21 14:29:14 --> syntax error, unexpected '}', expecting ';'
#0 /opt/lampp/htdocs/CI/system/Router/Router.php(169): CodeIgniter\Router\Router->autoRoute()
#1 /opt/lampp/htdocs/CI/system/CodeIgniter.php(809): CodeIgniter\Router\Router->handle()
#2 /opt/lampp/htdocs/CI/system/CodeIgniter.php(389): CodeIgniter\CodeIgniter->tryToRouteIt()
#3 /opt/lampp/htdocs/CI/system/CodeIgniter.php(336): CodeIgniter\CodeIgniter->handleRequest()
#4 /opt/lampp/htdocs/CI/public/index.php(37): CodeIgniter\CodeIgniter->run()
#5 /opt/lampp/htdocs/CI/system/Commands/Server/rewrite.php(45): require_once('/opt/lampp/htdo...')
#6 {main}
CRITICAL - 2021-08-21 14:51:17 --> Invalid file: userlist/.php
#0 /opt/lampp/htdocs/CI/system/View/View.php(213): CodeIgniter\Exceptions\FrameworkException::forInvalidFile()
#1 /opt/lampp/htdocs/CI/system/Common.php(1271): CodeIgniter\View\View->render()
#2 /opt/lampp/htdocs/CI/app/Controllers/Dashboarduserlist.php(44): view()
#3 /opt/lampp/htdocs/CI/system/CodeIgniter.php(928): App\Controllers\Dashboarduserlist->store()
#4 /opt/lampp/htdocs/CI/system/CodeIgniter.php(436): CodeIgniter\CodeIgniter->runController()
#5 /opt/lampp/htdocs/CI/system/CodeIgniter.php(336): CodeIgniter\CodeIgniter->handleRequest()
#6 /opt/lampp/htdocs/CI/public/index.php(37): CodeIgniter\CodeIgniter->run()
#7 /opt/lampp/htdocs/CI/system/Commands/Server/rewrite.php(45): require_once('/opt/lampp/htdo...')
#8 {main}
CRITICAL - 2021-08-21 15:38:30 --> Object of class App\Controllers\Dashboardloginpage could not be converted to string
#0 /opt/lampp/htdocs/CI/system/CodeIgniter.php(928): App\Controllers\Dashboardloginpage->SignIn()
#1 /opt/lampp/htdocs/CI/system/CodeIgniter.php(436): CodeIgniter\CodeIgniter->runController()
#2 /opt/lampp/htdocs/CI/system/CodeIgniter.php(336): CodeIgniter\CodeIgniter->handleRequest()
#3 /opt/lampp/htdocs/CI/public/index.php(37): CodeIgniter\CodeIgniter->run()
#4 /opt/lampp/htdocs/CI/system/Commands/Server/rewrite.php(45): require_once('/opt/lampp/htdo...')
#5 {main}
CRITICAL - 2021-08-21 15:39:00 --> Object of class App\Controllers\Dashboardloginpage could not be converted to string
#0 /opt/lampp/htdocs/CI/system/CodeIgniter.php(928): App\Controllers\Dashboardloginpage->SignIn()
#1 /opt/lampp/htdocs/CI/system/CodeIgniter.php(436): CodeIgniter\CodeIgniter->runController()
#2 /opt/lampp/htdocs/CI/system/CodeIgniter.php(336): CodeIgniter\CodeIgniter->handleRequest()
#3 /opt/lampp/htdocs/CI/public/index.php(37): CodeIgniter\CodeIgniter->run()
#4 /opt/lampp/htdocs/CI/system/Commands/Server/rewrite.php(45): require_once('/opt/lampp/htdo...')
#5 {main}
CRITICAL - 2021-08-21 15:39:48 --> Object of class App\Controllers\Dashboardloginpage could not be converted to string
#0 /opt/lampp/htdocs/CI/system/CodeIgniter.php(928): App\Controllers\Dashboardloginpage->SignIn()
#1 /opt/lampp/htdocs/CI/system/CodeIgniter.php(436): CodeIgniter\CodeIgniter->runController()
#2 /opt/lampp/htdocs/CI/system/CodeIgniter.php(336): CodeIgniter\CodeIgniter->handleRequest()
#3 /opt/lampp/htdocs/CI/public/index.php(37): CodeIgniter\CodeIgniter->run()
#4 /opt/lampp/htdocs/CI/system/Commands/Server/rewrite.php(45): require_once('/opt/lampp/htdo...')
#5 {main}
CRITICAL - 2021-08-21 15:39:59 --> Object of class App\Controllers\Dashboardloginpage could not be converted to string
#0 /opt/lampp/htdocs/CI/system/CodeIgniter.php(928): App\Controllers\Dashboardloginpage->SignIn()
#1 /opt/lampp/htdocs/CI/system/CodeIgniter.php(436): CodeIgniter\CodeIgniter->runController()
#2 /opt/lampp/htdocs/CI/system/CodeIgniter.php(336): CodeIgniter\CodeIgniter->handleRequest()
#3 /opt/lampp/htdocs/CI/public/index.php(37): CodeIgniter\CodeIgniter->run()
#4 /opt/lampp/htdocs/CI/system/Commands/Server/rewrite.php(45): require_once('/opt/lampp/htdo...')
#5 {main}
CRITICAL - 2021-08-21 15:45:14 --> Object of class App\Controllers\Dashboardloginpage could not be converted to string
#0 /opt/lampp/htdocs/CI/system/CodeIgniter.php(928): App\Controllers\Dashboardloginpage->SignIn()
#1 /opt/lampp/htdocs/CI/system/CodeIgniter.php(436): CodeIgniter\CodeIgniter->runController()
#2 /opt/lampp/htdocs/CI/system/CodeIgniter.php(336): CodeIgniter\CodeIgniter->handleRequest()
#3 /opt/lampp/htdocs/CI/public/index.php(37): CodeIgniter\CodeIgniter->run()
#4 /opt/lampp/htdocs/CI/system/Commands/Server/rewrite.php(45): require_once('/opt/lampp/htdo...')
#5 {main}
CRITICAL - 2021-08-21 15:45:26 --> Object of class App\Controllers\Dashboardloginpage could not be converted to string
#0 /opt/lampp/htdocs/CI/system/CodeIgniter.php(928): App\Controllers\Dashboardloginpage->SignIn()
#1 /opt/lampp/htdocs/CI/system/CodeIgniter.php(436): CodeIgniter\CodeIgniter->runController()
#2 /opt/lampp/htdocs/CI/system/CodeIgniter.php(336): CodeIgniter\CodeIgniter->handleRequest()
#3 /opt/lampp/htdocs/CI/public/index.php(37): CodeIgniter\CodeIgniter->run()
#4 /opt/lampp/htdocs/CI/system/Commands/Server/rewrite.php(45): require_once('/opt/lampp/htdo...')
#5 {main}
CRITICAL - 2021-08-21 15:46:22 --> Object of class App\Controllers\Dashboardloginpage could not be converted to string
#0 /opt/lampp/htdocs/CI/system/CodeIgniter.php(928): App\Controllers\Dashboardloginpage->SignIn()
#1 /opt/lampp/htdocs/CI/system/CodeIgniter.php(436): CodeIgniter\CodeIgniter->runController()
#2 /opt/lampp/htdocs/CI/system/CodeIgniter.php(336): CodeIgniter\CodeIgniter->handleRequest()
#3 /opt/lampp/htdocs/CI/public/index.php(37): CodeIgniter\CodeIgniter->run()
#4 /opt/lampp/htdocs/CI/system/Commands/Server/rewrite.php(45): require_once('/opt/lampp/htdo...')
#5 {main}
CRITICAL - 2021-08-21 15:48:23 --> Object of class App\Controllers\Dashboardloginpage could not be converted to string
#0 /opt/lampp/htdocs/CI/system/CodeIgniter.php(928): App\Controllers\Dashboardloginpage->SignIn()
#1 /opt/lampp/htdocs/CI/system/CodeIgniter.php(436): CodeIgniter\CodeIgniter->runController()
#2 /opt/lampp/htdocs/CI/system/CodeIgniter.php(336): CodeIgniter\CodeIgniter->handleRequest()
#3 /opt/lampp/htdocs/CI/public/index.php(37): CodeIgniter\CodeIgniter->run()
#4 /opt/lampp/htdocs/CI/system/Commands/Server/rewrite.php(45): require_once('/opt/lampp/htdo...')
#5 {main}
CRITICAL - 2021-08-21 15:49:11 --> Argument 1 passed to App\Models\DashboardModel::getEmail() must be of the type string, null given, called in /opt/lampp/htdocs/CI/app/Controllers/Dashboardloginpage.php on line 20
#0 /opt/lampp/htdocs/CI/app/Controllers/Dashboardloginpage.php(20): App\Models\DashboardModel->getEmail()
#1 /opt/lampp/htdocs/CI/system/CodeIgniter.php(928): App\Controllers\Dashboardloginpage->SignIn()
#2 /opt/lampp/htdocs/CI/system/CodeIgniter.php(436): CodeIgniter\CodeIgniter->runController()
#3 /opt/lampp/htdocs/CI/system/CodeIgniter.php(336): CodeIgniter\CodeIgniter->handleRequest()
#4 /opt/lampp/htdocs/CI/public/index.php(37): CodeIgniter\CodeIgniter->run()
#5 /opt/lampp/htdocs/CI/system/Commands/Server/rewrite.php(45): require_once('/opt/lampp/htdo...')
#6 {main}
CRITICAL - 2021-08-21 15:50:28 --> Argument 1 passed to App\Models\DashboardModel::getEmail() must be of the type string, null given, called in /opt/lampp/htdocs/CI/app/Controllers/Dashboardloginpage.php on line 20
#0 /opt/lampp/htdocs/CI/app/Controllers/Dashboardloginpage.php(20): App\Models\DashboardModel->getEmail()
#1 /opt/lampp/htdocs/CI/system/CodeIgniter.php(928): App\Controllers\Dashboardloginpage->SignIn()
#2 /opt/lampp/htdocs/CI/system/CodeIgniter.php(436): CodeIgniter\CodeIgniter->runController()
#3 /opt/lampp/htdocs/CI/system/CodeIgniter.php(336): CodeIgniter\CodeIgniter->handleRequest()
#4 /opt/lampp/htdocs/CI/public/index.php(37): CodeIgniter\CodeIgniter->run()
#5 /opt/lampp/htdocs/CI/system/Commands/Server/rewrite.php(45): require_once('/opt/lampp/htdo...')
#6 {main}
CRITICAL - 2021-08-21 15:52:24 --> Argument 1 passed to App\Models\DashboardModel::getEmail() must be of the type string, null given, called in /opt/lampp/htdocs/CI/app/Controllers/Dashboardloginpage.php on line 20
#0 /opt/lampp/htdocs/CI/app/Controllers/Dashboardloginpage.php(20): App\Models\DashboardModel->getEmail()
#1 /opt/lampp/htdocs/CI/system/CodeIgniter.php(928): App\Controllers\Dashboardloginpage->SignIn()
#2 /opt/lampp/htdocs/CI/system/CodeIgniter.php(436): CodeIgniter\CodeIgniter->runController()
#3 /opt/lampp/htdocs/CI/system/CodeIgniter.php(336): CodeIgniter\CodeIgniter->handleRequest()
#4 /opt/lampp/htdocs/CI/public/index.php(37): CodeIgniter\CodeIgniter->run()
#5 /opt/lampp/htdocs/CI/system/Commands/Server/rewrite.php(45): require_once('/opt/lampp/htdo...')
#6 {main}
CRITICAL - 2021-08-21 15:56:44 --> Argument 1 passed to App\Models\DashboardModel::getEmail() must be of the type string, null given, called in /opt/lampp/htdocs/CI/app/Controllers/Dashboardloginpage.php on line 20
#0 /opt/lampp/htdocs/CI/app/Controllers/Dashboardloginpage.php(20): App\Models\DashboardModel->getEmail()
#1 /opt/lampp/htdocs/CI/system/CodeIgniter.php(928): App\Controllers\Dashboardloginpage->SignIn()
#2 /opt/lampp/htdocs/CI/system/CodeIgniter.php(436): CodeIgniter\CodeIgniter->runController()
#3 /opt/lampp/htdocs/CI/system/CodeIgniter.php(336): CodeIgniter\CodeIgniter->handleRequest()
#4 /opt/lampp/htdocs/CI/public/index.php(37): CodeIgniter\CodeIgniter->run()
#5 /opt/lampp/htdocs/CI/system/Commands/Server/rewrite.php(45): require_once('/opt/lampp/htdo...')
#6 {main}
CRITICAL - 2021-08-21 16:01:54 --> Call to undefined method CodeIgniter\HTTP\RedirectResponse::base_url()
#0 /opt/lampp/htdocs/CI/system/CodeIgniter.php(928): App\Controllers\Dashboardloginpage->SignIn()
#1 /opt/lampp/htdocs/CI/system/CodeIgniter.php(436): CodeIgniter\CodeIgniter->runController()
#2 /opt/lampp/htdocs/CI/system/CodeIgniter.php(336): CodeIgniter\CodeIgniter->handleRequest()
#3 /opt/lampp/htdocs/CI/public/index.php(37): CodeIgniter\CodeIgniter->run()
#4 /opt/lampp/htdocs/CI/system/Commands/Server/rewrite.php(45): require_once('/opt/lampp/htdo...')
#5 {main}
